0 info it worked if it ends with ok
1 verbose cli [ 'node', '/usr/local/bin/npm', 'install', 'inquirer', '--save' ]
2 info using npm@1.4.28
3 info using node@v0.10.36
4 verbose readDependencies using package.json deps
5 verbose cache add [ 'inquirer', null ]
6 verbose cache add name=undefined spec="inquirer" args=["inquirer",null]
7 verbose parsed url { protocol: null,
7 verbose parsed url   slashes: null,
7 verbose parsed url   auth: null,
7 verbose parsed url   host: null,
7 verbose parsed url   port: null,
7 verbose parsed url   hostname: null,
7 verbose parsed url   hash: null,
7 verbose parsed url   search: null,
7 verbose parsed url   query: null,
7 verbose parsed url   pathname: 'inquirer',
7 verbose parsed url   path: 'inquirer',
7 verbose parsed url   href: 'inquirer' }
8 silly lockFile 73679e5a-inquirer inquirer
9 verbose lock inquirer /Users/stevenheinrich/.npm/73679e5a-inquirer.lock
10 silly lockFile 73679e5a-inquirer inquirer
11 silly lockFile 73679e5a-inquirer inquirer
12 verbose addNamed [ 'inquirer', '' ]
13 verbose addNamed [ null, '*' ]
14 silly lockFile 4be038c5-inquirer inquirer@
15 verbose lock inquirer@ /Users/stevenheinrich/.npm/4be038c5-inquirer.lock
16 silly addNameRange { name: 'inquirer', range: '*', hasData: false }
17 verbose request where is /inquirer
18 verbose request registry https://registry.npmjs.org/
19 verbose request id 72ee40f7d109ea26
20 verbose url raw /inquirer
21 verbose url resolving [ 'https://registry.npmjs.org/', './inquirer' ]
22 verbose url resolved https://registry.npmjs.org/inquirer
23 verbose request where is https://registry.npmjs.org/inquirer
24 info trying registry request attempt 1 at 16:18:22
25 verbose etag "5VF96G6W532N48YZ48SL6KYBQ"
26 http GET https://registry.npmjs.org/inquirer
27 http 304 https://registry.npmjs.org/inquirer
28 silly registry.get cb [ 304,
28 silly registry.get   { date: 'Sat, 29 Aug 2015 20:18:22 GMT',
28 silly registry.get     via: '1.1 varnish',
28 silly registry.get     'cache-control': 'max-age=60',
28 silly registry.get     etag: '"5VF96G6W532N48YZ48SL6KYBQ"',
28 silly registry.get     age: '40',
28 silly registry.get     connection: 'keep-alive',
28 silly registry.get     'x-served-by': 'cache-jfk1034-JFK',
28 silly registry.get     'x-cache': 'HIT',
28 silly registry.get     'x-cache-hits': '89',
28 silly registry.get     'x-timer': 'S1440879502.468634,VS0,VE0',
28 silly registry.get     vary: 'Accept' } ]
29 verbose etag https://registry.npmjs.org/inquirer from cache
30 silly addNameRange number 2 { name: 'inquirer', range: '*', hasData: true }
31 silly addNameRange versions [ 'inquirer',
31 silly addNameRange   [ '0.1.0',
31 silly addNameRange     '0.1.1',
31 silly addNameRange     '0.1.2',
31 silly addNameRange     '0.1.3',
31 silly addNameRange     '0.1.4',
31 silly addNameRange     '0.1.5',
31 silly addNameRange     '0.1.6',
31 silly addNameRange     '0.1.7',
31 silly addNameRange     '0.1.8',
31 silly addNameRange     '0.1.9',
31 silly addNameRange     '0.2.0',
31 silly addNameRange     '0.2.1',
31 silly addNameRange     '0.1.11',
31 silly addNameRange     '0.1.12',
31 silly addNameRange     '0.2.2',
31 silly addNameRange     '0.2.3',
31 silly addNameRange     '0.2.4',
31 silly addNameRange     '0.2.5',
31 silly addNameRange     '0.3.0',
31 silly addNameRange     '0.3.1',
31 silly addNameRange     '0.3.2',
31 silly addNameRange     '0.3.3',
31 silly addNameRange     '0.3.4',
31 silly addNameRange     '0.3.5',
31 silly addNameRange     '0.4.0',
31 silly addNameRange     '0.4.1',
31 silly addNameRange     '0.5.0',
31 silly addNameRange     '0.5.1',
31 silly addNameRange     '0.6.0',
31 silly addNameRange     '0.7.1',
31 silly addNameRange     '0.7.2',
31 silly addNameRange     '0.7.3',
31 silly addNameRange     '0.8.0',
31 silly addNameRange     '0.8.2',
31 silly addNameRange     '0.8.3',
31 silly addNameRange     '0.8.4',
31 silly addNameRange     '0.8.5',
31 silly addNameRange     '0.9.0' ] ]
32 verbose addNamed [ 'inquirer', '0.9.0' ]
33 verbose addNamed [ '0.9.0', '0.9.0' ]
34 silly lockFile b988e055-inquirer-0-9-0 inquirer@0.9.0
35 verbose lock inquirer@0.9.0 /Users/stevenheinrich/.npm/b988e055-inquirer-0-9-0.lock
36 silly lockFile 7f8f2bad--org-inquirer-inquirer-0-9-0-tgz https://registry.npmjs.org/inquirer/-/inquirer-0.9.0.tgz
37 verbose lock https://registry.npmjs.org/inquirer/-/inquirer-0.9.0.tgz /Users/stevenheinrich/.npm/7f8f2bad--org-inquirer-inquirer-0-9-0-tgz.lock
38 verbose addRemoteTarball [ 'https://registry.npmjs.org/inquirer/-/inquirer-0.9.0.tgz',
38 verbose addRemoteTarball   '7366e38a331e61904958ace5b2da4a9a5f636798' ]
39 info retry fetch attempt 1 at 16:18:22
40 verbose fetch to= /var/folders/48/qdfct2sj13g7tv8xptpnwqk80000gn/T/npm-45126-j_tIhTb0/registry.npmjs.org/inquirer/-/inquirer-0.9.0.tgz
41 http GET https://registry.npmjs.org/inquirer/-/inquirer-0.9.0.tgz
42 http 200 https://registry.npmjs.org/inquirer/-/inquirer-0.9.0.tgz
43 silly lockFile 7f8f2bad--org-inquirer-inquirer-0-9-0-tgz https://registry.npmjs.org/inquirer/-/inquirer-0.9.0.tgz
44 silly lockFile 7f8f2bad--org-inquirer-inquirer-0-9-0-tgz https://registry.npmjs.org/inquirer/-/inquirer-0.9.0.tgz
45 silly lockFile b988e055-inquirer-0-9-0 inquirer@0.9.0
46 silly lockFile b988e055-inquirer-0-9-0 inquirer@0.9.0
47 silly lockFile 4be038c5-inquirer inquirer@
48 silly lockFile 4be038c5-inquirer inquirer@
49 error Error: EACCES, mkdir '/Users/stevenheinrich/.npm/inquirer/0.9.0'
49 error  { [Error: EACCES, mkdir '/Users/stevenheinrich/.npm/inquirer/0.9.0']
49 error   errno: 3,
49 error   code: 'EACCES',
49 error   path: '/Users/stevenheinrich/.npm/inquirer/0.9.0',
49 error   parent: 'Jax' }
50 error Please try running this command again as root/Administrator.
51 error System Darwin 14.1.0
52 error command "node" "/usr/local/bin/npm" "install" "inquirer" "--save"
53 error cwd /Developer/Jax
54 error node -v v0.10.36
55 error npm -v 1.4.28
56 error path /Users/stevenheinrich/.npm/inquirer/0.9.0
57 error code EACCES
58 error errno 3
59 error stack Error: EACCES, mkdir '/Users/stevenheinrich/.npm/inquirer/0.9.0'
60 verbose exit [ 3, true ]
